<?xml version="1.0" encoding="UTF-8"?>
<testsuite xmlns:xsi="http://www.w3.org/2001/XMLSchema-instance" xsi:noNamespaceSchemaLocation="https://maven.apache.org/surefire/maven-surefire-plugin/xsd/surefire-test-report.xsd" name="org.example.CalcTest" time="0.017" tests="1" errors="0" skipped="0" failures="0">
  <properties>
    <property name="java.specification.version" value="21"/>
    <property name="sun.cpu.isalist" value="amd64"/>
    <property name="sun.jnu.encoding" value="GBK"/>
    <property name="java.class.path" value="C:\Users\Administrator\Desktop\202509 159.251 Software Engineering Design and Construction\Tutorial 4\tutorial4\target\test-classes;C:\Users\Administrator\Desktop\202509 159.251 Software Engineering Design and Construction\Tutorial 4\tutorial4\target\classes;d:\Maven-3.9.11\localRepository\org\junit\jupiter\junit-jupiter-engine\5.4.0\junit-jupiter-engine-5.4.0.jar;d:\Maven-3.9.11\localRepository\org\apiguardian\apiguardian-api\1.0.0\apiguardian-api-1.0.0.jar;d:\Maven-3.9.11\localRepository\org\junit\platform\junit-platform-engine\1.4.0\junit-platform-engine-1.4.0.jar;d:\Maven-3.9.11\localRepository\org\opentest4j\opentest4j\1.1.1\opentest4j-1.1.1.jar;d:\Maven-3.9.11\localRepository\org\junit\platform\junit-platform-commons\1.4.0\junit-platform-commons-1.4.0.jar;d:\Maven-3.9.11\localRepository\org\junit\jupiter\junit-jupiter-api\5.4.0\junit-jupiter-api-5.4.0.jar;d:\Maven-3.9.11\localRepository\org\junit\jupiter\junit-jupiter\6.0.0\junit-jupiter-6.0.0.jar;d:\Maven-3.9.11\localRepository\org\junit\jupiter\junit-jupiter-params\6.0.0\junit-jupiter-params-6.0.0.jar;d:\Maven-3.9.11\localRepository\org\jspecify\jspecify\1.0.0\jspecify-1.0.0.jar;"/>
    <property name="java.vm.vendor" value="Oracle Corporation"/>
    <property name="sun.arch.data.model" value="64"/>
    <property name="user.variant" value=""/>
    <property name="java.vendor.url" value="https://java.oracle.com/"/>
    <property name="user.timezone" value="Asia/Shanghai"/>
    <property name="os.name" value="Windows 10"/>
    <property name="java.vm.specification.version" value="21"/>
    <property name="sun.java.launcher" value="SUN_STANDARD"/>
    <property name="user.country" value="CN"/>
    <property name="sun.boot.library.path" value="D:\JDK21\bin"/>
    <property name="sun.java.command" value="C:\Users\ADMINI~1\AppData\Local\Temp\surefire9306684013118975894\surefirebooter16927882664614629753.jar C:\Users\Administrator\AppData\Local\Temp\surefire9306684013118975894 2025-10-16T10-44-09_969-jvmRun1 surefire3029006104487953120tmp surefire_013581880657335450054tmp"/>
    <property name="jdk.debug" value="release"/>
    <property name="surefire.test.class.path" value="C:\Users\Administrator\Desktop\202509 159.251 Software Engineering Design and Construction\Tutorial 4\tutorial4\target\test-classes;C:\Users\Administrator\Desktop\202509 159.251 Software Engineering Design and Construction\Tutorial 4\tutorial4\target\classes;d:\Maven-3.9.11\localRepository\org\junit\jupiter\junit-jupiter-engine\5.4.0\junit-jupiter-engine-5.4.0.jar;d:\Maven-3.9.11\localRepository\org\apiguardian\apiguardian-api\1.0.0\apiguardian-api-1.0.0.jar;d:\Maven-3.9.11\localRepository\org\junit\platform\junit-platform-engine\1.4.0\junit-platform-engine-1.4.0.jar;d:\Maven-3.9.11\localRepository\org\opentest4j\opentest4j\1.1.1\opentest4j-1.1.1.jar;d:\Maven-3.9.11\localRepository\org\junit\platform\junit-platform-commons\1.4.0\junit-platform-commons-1.4.0.jar;d:\Maven-3.9.11\localRepository\org\junit\jupiter\junit-jupiter-api\5.4.0\junit-jupiter-api-5.4.0.jar;d:\Maven-3.9.11\localRepository\org\junit\jupiter\junit-jupiter\6.0.0\junit-jupiter-6.0.0.jar;d:\Maven-3.9.11\localRepository\org\junit\jupiter\junit-jupiter-params\6.0.0\junit-jupiter-params-6.0.0.jar;d:\Maven-3.9.11\localRepository\org\jspecify\jspecify\1.0.0\jspecify-1.0.0.jar;"/>
    <property name="sun.cpu.endian" value="little"/>
    <property name="user.home" value="C:\Users\Administrator"/>
    <property name="user.language" value="zh"/>
    <property name="java.specification.vendor" value="Oracle Corporation"/>
    <property name="java.version.date" value="2024-04-16"/>
    <property name="java.home" value="D:\JDK21"/>
    <property name="file.separator" value="\"/>
    <property name="basedir" value="C:\Users\Administrator\Desktop\202509 159.251 Software Engineering Design and Construction\Tutorial 4\tutorial4"/>
    <property name="java.vm.compressedOopsMode" value="32-bit"/>
    <property name="line.separator" value="&#10;"/>
    <property name="java.vm.specification.vendor" value="Oracle Corporation"/>
    <property name="java.specification.name" value="Java Platform API Specification"/>
    <property name="surefire.real.class.path" value="C:\Users\ADMINI~1\AppData\Local\Temp\surefire9306684013118975894\surefirebooter16927882664614629753.jar"/>
    <property name="user.script" value=""/>
    <property name="sun.management.compiler" value="HotSpot 64-Bit Tiered Compilers"/>
    <property name="java.runtime.version" value="21.0.3+7-LTS-152"/>
    <property name="user.name" value="Administrator"/>
    <property name="stdout.encoding" value="GBK"/>
    <property name="path.separator" value=";"/>
    <property name="os.version" value="10.0"/>
    <property name="java.runtime.name" value="Java(TM) SE Runtime Environment"/>
    <property name="file.encoding" value="UTF-8"/>
    <property name="java.vm.name" value="Java HotSpot(TM) 64-Bit Server VM"/>
    <property name="localRepository" value="d:\Maven-3.9.11\localRepository"/>
    <property name="java.vendor.url.bug" value="https://bugreport.java.com/bugreport/"/>
    <property name="java.io.tmpdir" value="C:\Users\ADMINI~1\AppData\Local\Temp\"/>
    <property name="java.version" value="21.0.3"/>
    <property name="user.dir" value="C:\Users\Administrator\Desktop\202509 159.251 Software Engineering Design and Construction\Tutorial 4\tutorial4"/>
    <property name="os.arch" value="amd64"/>
    <property name="java.vm.specification.name" value="Java Virtual Machine Specification"/>
    <property name="sun.os.patch.level" value=""/>
    <property name="native.encoding" value="GBK"/>
    <property name="java.library.path" value="D:\JDK21\bin;C:\WINDOWS\Sun\Java\bin;C:\WINDOWS\system32;C:\WINDOWS;C:\Program Files (x86)\Common Files\Intel\Shared Libraries\redist\intel64\compiler;D:\JDK21\bin;C:\Program Files\Common Files\Oracle\Java\javapath;C:\Program Files (x86)\Common Files\Oracle\Java\javapath;D:\Python\Python311\Scripts\;D:\Python\Python311\;C:\Program Files (x86)\Intel\iCLS Client\;C:\Program Files\Intel\iCLS Client\;C:\WINDOWS\system32;C:\WINDOWS;C:\WINDOWS\System32\Wbem;C:\WINDOWS\System32\WindowsPowerShell\v1.0\;C:\Program Files (x86)\Intel\Intel(R) Management Engine Components\DAL;C:\Program Files\Intel\Intel(R) Management Engine Components\DAL;C:\Program Files (x86)\Intel\Intel(R) Management Engine Components\IPT;C:\Program Files\Intel\Intel(R) Management Engine Components\IPT;C:\WINDOWS\System32\OpenSSH\;C:\Program Files\Microsoft SQL Server\150\Tools\Binn\;D:\MingW\mingw64\bin;D:\MingW\mingw64\x86_64-w64-mingw32\lib\;C:\Program Files\dotnet\;D:\Git\cmd;C:\Users\Administrator\AppData\Local\Microsoft\WindowsApps;D:\Microsoft VS Code\bin;F:\IntelliJ IDEA Community Edition 2024.3.4.1\bin;;D:\Maven-3.9.11\bin;;."/>
    <property name="java.vm.info" value="mixed mode, sharing"/>
    <property name="stderr.encoding" value="GBK"/>
    <property name="java.vendor" value="Oracle Corporation"/>
    <property name="java.vm.version" value="21.0.3+7-LTS-152"/>
    <property name="sun.io.unicode.encoding" value="UnicodeLittle"/>
    <property name="java.class.version" value="65.0"/>
  </properties>
  <testcase name="testAddition" classname="org.example.CalcTest" time="0.013"/>
</testsuite>